<?xml version="1.0" encoding="UTF-8"?>
<!-- Generated by org.testng.reporters.JUnitXMLReporter -->
<testsuite ignored="2" hostname="LAPTOP-2UVM9916" failures="0" tests="2" name="Test" time="90.562" errors="0" timestamp="2025-09-26T11:45:23 IST">
  <testcase classname="vTiger.TestNG.programs.BC_CreateOrgWithIndTest" name="bc_createOrgWithIndTest" time="21.265"/>
  <testcase classname="vTiger.TestNG.programs.BC_CreateContactWithOrgTest" name="bc_createContactWithOrgTest" time="47.328"/>
  <testcase classname="vTiger.Generic.Utilities.BaseClass" name="@AfterSuite asConfig" time="0.0">
    <ignored/>
  </testcase> <!-- @AfterSuite asConfig -->
  <testcase classname="vTiger.Generic.Utilities.BaseClass" name="@BeforeSuite bsConfig" time="0.0">
    <ignored/>
  </testcase> <!-- @BeforeSuite bsConfig -->
</testsuite> <!-- Test -->
