<?xml version="1.0" encoding="UTF-8"?>
<!-- Generated by org.testng.reporters.JUnitXMLReporter -->
<testsuite ignored="2" hostname="LAPTOP-2UVM9916" failures="0" tests="2" name="Test" time="143.164" errors="0" timestamp="2025-09-25T10:17:04 IST">
  <testcase classname="vTiger.TestNG.programs.BC_CreateOrgWithIndTest" name="bc_createOrgWithIndTest" time="35.148"/>
  <testcase classname="vTiger.TestNG.programs.BC_CreateContactWithOrgTest" name="bc_createContactWithOrgTest" time="68.757"/>
  <testcase classname="vTiger.Generic.Utilities.BaseClass" name="@AfterSuite asConfig" time="0.0">
    <ignored/>
  </testcase> <!-- @AfterSuite asConfig -->
  <testcase classname="vTiger.Generic.Utilities.BaseClass" name="@BeforeSuite bsConfig" time="0.0">
    <ignored/>
  </testcase> <!-- @BeforeSuite bsConfig -->
</testsuite> <!-- Test -->
