<?xml version="1.0" encoding="UTF-8"?>
<testng-results ignored="0" total="1" passed="1" failed="0" skipped="0">
  <reporter-output>
  </reporter-output>
  <suite started-at="2025-09-27T12:11:29 IST" name="Default suite" finished-at="2025-09-27T12:12:45 IST" duration-ms="75795">
    <groups>
      <group name="testngBatch">
        <method signature="BC_CreateContactWithOrgTest.bc_createContactWithOrgTest()[pri:0, instance:vTiger.TestNG.programs.BC_CreateContactWithOrgTest@3349e9bb]" name="bc_createContactWithOrgTest" class="vTiger.TestNG.programs.BC_CreateContactWithOrgTest"/>
      </group> <!-- testngBatch -->
    </groups>
    <test started-at="2025-09-27T12:11:29 IST" name="Default test" finished-at="2025-09-27T12:12:45 IST" duration-ms="75795">
      <class name="vTiger.TestNG.programs.BC_CreateContactWithOrgTest">
        <test-method is-config="true" signature="bsConfig()[pri:0, instance:vTiger.TestNG.programs.BC_CreateContactWithOrgTest@3349e9bb]" started-at="2025-09-27T12:11:29 IST" name="bsConfig" finished-at="2025-09-27T12:11:29 IST" duration-ms="13" status="PASS">
          <reporter-output>
          </reporter-output>
        </test-method> <!-- bsConfig -->
        <test-method is-config="true" signature="bcConfig()[pri:0, instance:vTiger.TestNG.programs.BC_CreateContactWithOrgTest@3349e9bb]" started-at="2025-09-27T12:11:29 IST" name="bcConfig" finished-at="2025-09-27T12:11:35 IST" duration-ms="6216" status="PASS">
          <reporter-output>
          </reporter-output>
        </test-method> <!-- bcConfig -->
        <test-method is-config="true" signature="bmConfig()[pri:0, instance:vTiger.TestNG.programs.BC_CreateContactWithOrgTest@3349e9bb]" started-at="2025-09-27T12:11:35 IST" name="bmConfig" finished-at="2025-09-27T12:11:43 IST" duration-ms="7176" status="PASS">
          <reporter-output>
          </reporter-output>
        </test-method> <!-- bmConfig -->
        <test-method signature="bc_createContactWithOrgTest()[pri:0, instance:vTiger.TestNG.programs.BC_CreateContactWithOrgTest@3349e9bb]" started-at="2025-09-27T12:11:43 IST" name="bc_createContactWithOrgTest" finished-at="2025-09-27T12:12:39 IST" duration-ms="56455" status="PASS">
          <reporter-output>
          </reporter-output>
        </test-method> <!-- bc_createContactWithOrgTest -->
        <test-method is-config="true" signature="amConfig()[pri:0, instance:vTiger.TestNG.programs.BC_CreateContactWithOrgTest@3349e9bb]" started-at="2025-09-27T12:12:39 IST" name="amConfig" finished-at="2025-09-27T12:12:44 IST" duration-ms="5039" status="PASS">
          <reporter-output>
          </reporter-output>
        </test-method> <!-- amConfig -->
        <test-method is-config="true" signature="acConfig()[pri:0, instance:vTiger.TestNG.programs.BC_CreateContactWithOrgTest@3349e9bb]" started-at="2025-09-27T12:12:44 IST" name="acConfig" finished-at="2025-09-27T12:12:45 IST" duration-ms="433" status="PASS">
          <reporter-output>
          </reporter-output>
        </test-method> <!-- acConfig -->
        <test-method is-config="true" signature="asConfig()[pri:0, instance:vTiger.TestNG.programs.BC_CreateContactWithOrgTest@3349e9bb]" started-at="2025-09-27T12:12:45 IST" name="asConfig" finished-at="2025-09-27T12:12:45 IST" duration-ms="1" status="PASS">
          <reporter-output>
          </reporter-output>
        </test-method> <!-- asConfig -->
      </class> <!-- vTiger.TestNG.programs.BC_CreateContactWithOrgTest -->
    </test> <!-- Default test -->
  </suite> <!-- Default suite -->
</testng-results>
