<?xml version="1.0" encoding="UTF-8"?>
<testng-results ignored="0" total="1" passed="1" failed="0" skipped="0">
  <reporter-output>
  </reporter-output>
  <suite started-at="2025-01-03T16:17:38 GST" name="Default suite" finished-at="2025-01-03T16:17:38 GST" duration-ms="69">
    <groups>
    </groups>
    <test started-at="2025-01-03T16:17:38 GST" name="Default test" finished-at="2025-01-03T16:17:38 GST" duration-ms="69">
      <class name="vTiger.TestNG.programs.ReadDataFromCmdLineTest">
        <test-method signature="readDataTest()[pri:0, instance:vTiger.TestNG.programs.ReadDataFromCmdLineTest@1fa268de]" started-at="2025-01-03T16:17:38 GST" name="readDataTest" finished-at="2025-01-03T16:17:38 GST" duration-ms="11" status="PASS">
          <reporter-output>
          </reporter-output>
        </test-method> <!-- readDataTest -->
      </class> <!-- vTiger.TestNG.programs.ReadDataFromCmdLineTest -->
    </test> <!-- Default test -->
  </suite> <!-- Default suite -->
</testng-results>
